[debug] [2021-08-27T16:06:31.978Z] ----------------------------------------------------------------------
[debug] [2021-08-27T16:06:31.983Z] Command:       /usr/local/bin/firebase /home/home/.cache/firebase/tools/lib/node_modules/firebase-tools/lib/bin/firebase init
[debug] [2021-08-27T16:06:31.984Z] CLI Version:   9.16.6
[debug] [2021-08-27T16:06:31.984Z] Platform:      linux
[debug] [2021-08-27T16:06:31.984Z] Node Version:  v12.18.1
[debug] [2021-08-27T16:06:31.985Z] Time:          Fri Aug 27 2021 21:36:31 GMT+0530 (India Standard Time)
[debug] [2021-08-27T16:06:31.986Z] ----------------------------------------------------------------------
[debug] 
[debug] [2021-08-27T16:06:32.000Z] > command requires scopes: ["email","openid","https://www.googleapis.com/auth/cloudplatformprojects.readonly","https://www.googleapis.com/auth/firebase","https://www.googleapis.com/auth/cloud-platform"]
[debug] [2021-08-27T16:06:32.001Z] > authorizing via signed-in user (vignuday2501@gmail.com)
[info] 
     ######## #### ########  ######## ########     ###     ######  ########
     ##        ##  ##     ## ##       ##     ##  ##   ##  ##       ##
     ######    ##  ########  ######   ########  #########  ######  ######
     ##        ##  ##    ##  ##       ##     ## ##     ##       ## ##
     ##       #### ##     ## ######## ########  ##     ##  ######  ########

You're about to initialize a Firebase project in this directory:

  /home/home/Desktop/Glass web

[info] 
=== Project Setup
[info] 
[info] First, let's associate this project directory with a Firebase project.
[info] You can create multiple project aliases by running firebase use --add, 
[info] but for now we'll just set up a default project.
[info] 
[debug] [2021-08-27T16:06:42.084Z] >>> [apiv2][query] GET https://firebase.googleapis.com/v1beta1/projects pageSize=100
[debug] [2021-08-27T16:06:42.863Z] <<< [apiv2][status] GET https://firebase.googleapis.com/v1beta1/projects 200
[debug] [2021-08-27T16:06:42.863Z] <<< [apiv2][body] GET https://firebase.googleapis.com/v1beta1/projects [omitted]
[info] i  Using project glassweb-1a332 (GlassWEb) 
[info] 
=== Hosting:github Setup
[info] 
[info] i  Detected a .git folder at /home/home/Desktop/Glass web 
[info] i  Authorizing with GitHub to upload your service account to a GitHub repository's secrets store. 
[info] 
[info] Visit this URL on this device to log in:
[info] https://github.com/login/oauth/authorize?client_id=89cf50f02ac6aaed3484&state=365942753&redirect_uri=http%3A%2F%2Flocalhost%3A9005&scope=read%3Auser%20repo%20public_repo
[info] 
[info] Waiting for authentication...
[debug] [2021-08-27T16:06:46.453Z] >>> HTTP REQUEST POST https://github.com/login/oauth/access_token  
 {"client_id":"89cf50f02ac6aaed3484","client_secret":"3330d14abc895d9a74d5f17cd7a00711fa2c5bf0","code":"f472ab17b328eb89d285","redirect_uri":"http://localhost:9005","state":"365942753"}
[debug] [2021-08-27T16:06:46.970Z] <<< HTTP RESPONSE 200 {"server":"GitHub.com","date":"Fri, 27 Aug 2021 16:05:52 GMT","content-type":"application/json; charset=utf-8","transfer-encoding":"chunked","vary":"X-PJAX, X-PJAX-Container, Accept-Encoding, Accept, X-Requested-With","permissions-policy":"interest-cohort=()","etag":"W/\"c651b8c22b468da5c05dc4a5b1d8e16a\"","cache-control":"max-age=0, private, must-revalidate","strict-transport-security":"max-age=31536000; includeSubdomains; preload","x-frame-options":"deny","x-content-type-options":"nosniff","x-xss-protection":"0","referrer-policy":"origin-when-cross-origin, strict-origin-when-cross-origin","expect-ct":"max-age=2592000, report-uri=\"https://api.github.com/_private/browser/errors\"","content-security-policy":"default-src 'none'; base-uri 'self'; block-all-mixed-content; connect-src 'self' uploads.github.com www.githubstatus.com collector.githubapp.com api.github.com github-cloud.s3.amazonaws.com github-production-repository-file-5c1aeb.s3.amazonaws.com github-production-upload-manifest-file-7fdce7.s3.amazonaws.com github-production-user-asset-6210df.s3.amazonaws.com cdn.optimizely.com logx.optimizely.com/v1/events translator.github.com wss://alive.github.com; font-src github.githubassets.com; form-action 'self' github.com gist.github.com; frame-ancestors 'none'; frame-src render.githubusercontent.com viewscreen.githubusercontent.com; img-src 'self' data: github.githubassets.com identicons.github.com collector.githubapp.com github-cloud.s3.amazonaws.com secured-user-images.githubusercontent.com/ *.githubusercontent.com; manifest-src 'self'; media-src 'none'; script-src github.githubassets.com; style-src 'unsafe-inline' github.githubassets.com; worker-src github.com/socket-worker-b05e50fc.js gist.github.com/socket-worker-b05e50fc.js","x-github-request-id":"41EE:434F:70E06E:87FAA6:61290D60"}
[debug] [2021-08-27T16:06:46.981Z] >>> [apiv2][query] GET https://api.github.com/user [none]
[debug] [2021-08-27T16:06:47.490Z] <<< [apiv2][status] GET https://api.github.com/user 200
[debug] [2021-08-27T16:06:47.491Z] <<< [apiv2][body] GET https://api.github.com/user {"login":"vignu10","id":75877958,"node_id":"MDQ6VXNlcjc1ODc3OTU4","avatar_url":"https://avatars.githubusercontent.com/u/75877958?v=4","gravatar_id":"","url":"https://api.github.com/users/vignu10","html_url":"https://github.com/vignu10","followers_url":"https://api.github.com/users/vignu10/followers","following_url":"https://api.github.com/users/vignu10/following{/other_user}","gists_url":"https://api.github.com/users/vignu10/gists{/gist_id}","starred_url":"https://api.github.com/users/vignu10/starred{/owner}{/repo}","subscriptions_url":"https://api.github.com/users/vignu10/subscriptions","organizations_url":"https://api.github.com/users/vignu10/orgs","repos_url":"https://api.github.com/users/vignu10/repos","events_url":"https://api.github.com/users/vignu10/events{/privacy}","received_events_url":"https://api.github.com/users/vignu10/received_events","type":"User","site_admin":false,"name":"Vigneshwar","company":null,"blog":"","location":"Coimbatore","email":null,"hireable":null,"bio":"Im a developer with knowledge in Java,Flutter and C","twitter_username":null,"public_repos":10,"public_gists":0,"followers":3,"following":11,"created_at":"2020-12-12T07:52:58Z","updated_at":"2021-08-27T15:36:18Z","private_gists":0,"total_private_repos":1,"owned_private_repos":1,"disk_usage":16960,"collaborators":0,"two_factor_authentication":false,"plan":{"name":"pro","space":976562499,"collaborators":0,"private_repos":9999}}
[info] 
[info] ✔  Success! Logged into GitHub as vignu10 
[info] 
